<?xml version="1.0" encoding="UTF-8"?>
<testng-results ignored="0" total="1" passed="1" failed="0" skipped="0">
  <reporter-output>
  </reporter-output>
  <suite started-at="2025-12-17T18:41:38 IST" name="Surefire suite" finished-at="2025-12-17T18:41:53 IST" duration-ms="15661">
    <groups>
    </groups>
    <test started-at="2025-12-17T18:41:38 IST" name="Surefire test" finished-at="2025-12-17T18:41:53 IST" duration-ms="15661">
      <class name="tests.LoginTest">
        <test-method is-config="true" signature="setup()[pri:0, instance:tests.LoginTest@78aab498]" started-at="2025-12-17T18:41:38 IST" name="setup" finished-at="2025-12-17T18:41:51 IST" duration-ms="13269" status="PASS">
          <reporter-output>
          </reporter-output>
        </test-method> <!-- setup -->
        <test-method signature="validLoginTest()[pri:0, instance:tests.LoginTest@78aab498]" started-at="2025-12-17T18:41:51 IST" name="validLoginTest" finished-at="2025-12-17T18:41:52 IST" duration-ms="1178" status="PASS">
          <reporter-output>
          </reporter-output>
        </test-method> <!-- validLoginTest -->
        <test-method is-config="true" signature="tearDown()[pri:0, instance:tests.LoginTest@78aab498]" started-at="2025-12-17T18:41:52 IST" name="tearDown" finished-at="2025-12-17T18:41:53 IST" duration-ms="1163" status="PASS">
          <reporter-output>
          </reporter-output>
        </test-method> <!-- tearDown -->
      </class> <!-- tests.LoginTest -->
    </test> <!-- Surefire test -->
  </suite> <!-- Surefire suite -->
</testng-results>
